Checking whether the ASM compiler is GNU using "--version" did not match "(GNU assembler)|(GCC)|(Free Software Foundation)":
Apple clang version 11.0.0 (clang-1100.0.33.17)
Target: x86_64-apple-darwin19.3.0
Thread model: posix
InstalledDir: /Library/Developer/CommandLineTools/usr/bin
Determining if the strtof_l exist failed with the following output:
Change Dir: /Users/u-mbp/Documents/GitHub/mnn2mem/build/CMakeFiles/CMakeTmp

Run Build Command(s):/usr/bin/make cmTC_93c48/fast && /Library/Developer/CommandLineTools/usr/bin/make -f CMakeFiles/cmTC_93c48.dir/build.make CMakeFiles/cmTC_93c48.dir/build
Building CXX object CMakeFiles/cmTC_93c48.dir/CheckSymbolExists.cxx.o
/Library/Developer/CommandLineTools/usr/bin/c++    -isysroot /Library/Developer/CommandLineTools/SDKs/MacOSX10.15.sdk -fPIE   -o CMakeFiles/cmTC_93c48.dir/CheckSymbolExists.cxx.o -c /Users/u-mbp/Documents/GitHub/mnn2mem/build/CMakeFiles/CMakeTmp/CheckSymbolExists.cxx
/Users/u-mbp/Documents/GitHub/mnn2mem/build/CMakeFiles/CMakeTmp/CheckSymbolExists.cxx:8:19: error: use of undeclared identifier 'strtof_l'
  return ((int*)(&strtof_l))[argc];
                  ^
1 error generated.
make[1]: *** [CMakeFiles/cmTC_93c48.dir/CheckSymbolExists.cxx.o] Error 1
make: *** [cmTC_93c48/fast] Error 2


File /Users/u-mbp/Documents/GitHub/mnn2mem/build/CMakeFiles/CMakeTmp/CheckSymbolExists.cxx:
/* */
#include <stdlib.h>

int main(int argc, char** argv)
{
  (void)argv;
#ifndef strtof_l
  return ((int*)(&strtof_l))[argc];
#else
  (void)argc;
  return 0;
#endif
}
